<?xml version="1.0" encoding="UTF-8"?>
<testsuite xmlns:xsi="http://www.w3.org/2001/XMLSchema-instance" xsi:noNamespaceSchemaLocation="https://maven.apache.org/surefire/maven-surefire-plugin/xsd/surefire-test-report.xsd" version="3.0.2" name="com.etec.team.museum_b3.Museum.B3.MuseumB3ApplicationTests" time="6.015" tests="1" errors="0" skipped="0" failures="0">
  <properties>
[...]
</properties>
  <testcase name="contextLoads" classname="com.etec.team.museum_b3.Museum.B3.MuseumB3ApplicationTests" time="0.404">
    <system-out><![CDATA[17:33:17.037 [main] INFO org.springframework.test.context.support.AnnotationConfigContextLoaderUtils -- Could not detect default configuration classes for test class [com.etec.team.museum_b3.Museum.B3.MuseumB3ApplicationTests]: MuseumB3ApplicationTests does not declare any static, non-private, non-final, nested classes annotated with @Configuration.
17:33:17.148 [main] INFO org.springframework.boot.test.context.SpringBootTestContextBootstrapper -- Found @SpringBootConfiguration com.etec.team.museum_b3.Museum.B3.MuseumB3Application for test class com.etec.team.museum_b3.Museum.B3.MuseumB3ApplicationTests
17:33:17.382 [main] INFO org.springframework.boot.devtools.restart.RestartApplicationListener -- Restart disabled due to context in which it is running

  .   ____          _            __ _ _
 /\\ / ___'_ __ _ _(_)_ __  __ _ \ \ \ \
( ( )\___ | '_ | '_| | '_ \/ _` | \ \ \ \
 \\/  ___)| |_)| | | | | || (_| |  ) ) ) )
  '  |____| .__|_| |_|_| |_\__, | / / / /
 =========|_|==============|___/=/_/_/_/

 :: Spring Boot ::                (v3.5.4)

2025-08-21T17:33:17.715-03:00  INFO 21428 --- [           main] c.e.t.m.M.B3.MuseumB3ApplicationTests    : Starting MuseumB3ApplicationTests using Java 17.0.15 with PID 21428 (started by guilh in C:\Users\guilh\OneDrive\Documentos\GitHub\B3-Back-End\Museum-B3)
2025-08-21T17:33:17.716-03:00  INFO 21428 --- [           main] c.e.t.m.M.B3.MuseumB3ApplicationTests    : No active profile set, falling back to 1 default profile: "default"
2025-08-21T17:33:18.667-03:00  INFO 21428 --- [           main] .s.d.r.c.RepositoryConfigurationDelegate : Bootstrapping Spring Data JPA repositories in DEFAULT mode.
2025-08-21T17:33:18.748-03:00  INFO 21428 --- [           main] .s.d.r.c.RepositoryConfigurationDelegate : Finished Spring Data repository scanning in 65 ms. Found 4 JPA repository interfaces.
2025-08-21T17:33:19.260-03:00  INFO 21428 --- [           main] o.hibernate.jpa.internal.util.LogHelper  : HHH000204: Processing PersistenceUnitInfo [name: default]
2025-08-21T17:33:19.335-03:00  INFO 21428 --- [           main] org.hibernate.Version                    : HHH000412: Hibernate ORM core version 6.6.22.Final
2025-08-21T17:33:19.388-03:00  INFO 21428 --- [           main] o.h.c.internal.RegionFactoryInitiator    : HHH000026: Second-level cache disabled
2025-08-21T17:33:19.790-03:00  INFO 21428 --- [           main] o.s.o.j.p.SpringPersistenceUnitInfo      : No LoadTimeWeaver setup: ignoring JPA class transformer
2025-08-21T17:33:19.826-03:00  INFO 21428 --- [           main] com.zaxxer.hikari.HikariDataSource       : HikariPool-1 - Starting...
2025-08-21T17:33:20.162-03:00  INFO 21428 --- [           main] com.zaxxer.hikari.pool.HikariPool        : HikariPool-1 - Added connection org.postgresql.jdbc.PgConnection@ce2eaa7
2025-08-21T17:33:20.164-03:00  INFO 21428 --- [           main] com.zaxxer.hikari.HikariDataSource       : HikariPool-1 - Start completed.
2025-08-21T17:33:20.251-03:00  INFO 21428 --- [           main] org.hibernate.orm.connections.pooling    : HHH10001005: Database info:
	Database JDBC URL [Connecting through datasource 'HikariDataSource (HikariPool-1)']
	Database driver: undefined/unknown
	Database version: 17.6
	Autocommit mode: undefined/unknown
	Isolation level: undefined/unknown
	Minimum pool size: undefined/unknown
	Maximum pool size: undefined/unknown
2025-08-21T17:33:21.170-03:00  INFO 21428 --- [           main] o.h.e.t.j.p.i.JtaPlatformInitiator       : HHH000489: No JTA platform available (set 'hibernate.transaction.jta.platform' to enable JTA platform integration)
2025-08-21T17:33:21.389-03:00  INFO 21428 --- [           main] j.LocalContainerEntityManagerFactoryBean : Initialized JPA EntityManagerFactory for persistence unit 'default'
2025-08-21T17:33:21.869-03:00  WARN 21428 --- [           main] JpaBaseConfiguration$JpaWebConfiguration : spring.jpa.open-in-view is enabled by default. Therefore, database queries may be performed during view rendering. Explicitly configure spring.jpa.open-in-view to disable this warning
2025-08-21T17:33:22.047-03:00  INFO 21428 --- [           main] o.s.b.a.w.s.WelcomePageHandlerMapping    : Adding welcome page: class path resource [static/index.html]
2025-08-21T17:33:22.455-03:00  INFO 21428 --- [           main] o.s.m.s.b.SimpleBrokerMessageHandler     : Starting...
2025-08-21T17:33:22.456-03:00  INFO 21428 --- [           main] o.s.m.s.b.SimpleBrokerMessageHandler     : BrokerAvailabilityEvent[available=true, SimpleBrokerMessageHandler [org.springframework.messaging.simp.broker.DefaultSubscriptionRegistry@3bdf6d63]]
2025-08-21T17:33:22.457-03:00  INFO 21428 --- [           main] o.s.m.s.b.SimpleBrokerMessageHandler     : Started.
2025-08-21T17:33:22.464-03:00  INFO 21428 --- [           main] c.e.t.m.M.B3.MuseumB3ApplicationTests    : Started MuseumB3ApplicationTests in 5.094 seconds (process running for 6.28)
]]></system-out>
  </testcase>
</testsuite>